<?xml version="1.0" encoding="UTF-8"?>
<coverage generated="1605309906507" clover="3.2.0">
  <project timestamp="1605309906508" name="All files">
    <metrics statements="19" coveredstatements="6" conditionals="0" coveredconditionals="0" methods="9" coveredmethods="2" elements="28" coveredelements="8" complexity="0" loc="19" ncloc="19" packages="2" files="5" classes="5"/>
    <package name="src">
      <metrics statements="6" coveredstatements="0" conditionals="0" coveredconditionals="0" methods="1" coveredmethods="0"/>
      <file name="App.vue" path="W:\Vue-Project\william-sonoma\src\App.vue">
        <metrics statements="1" coveredstatements="0" conditionals="0" coveredconditionals="0" methods="0" coveredmethods="0"/>
        <line num="8" count="0" type="stmt"/>
      </file>
      <file name="main.js" path="W:\Vue-Project\william-sonoma\src\main.js">
        <metrics statements="5" coveredstatements="0" conditionals="0" coveredconditionals="0" methods="1" coveredmethods="0"/>
        <line num="8" count="0" type="stmt"/>
        <line num="10" count="0" type="stmt"/>
        <line num="12" count="0" type="stmt"/>
        <line num="14" count="0" type="stmt"/>
        <line num="15" count="0" type="stmt"/>
      </file>
    </package>
    <package name="src.components">
      <metrics statements="13" coveredstatements="6" conditionals="0" coveredconditionals="0" methods="8" coveredmethods="2"/>
      <file name="Footer.vue" path="W:\Vue-Project\william-sonoma\src\components\Footer.vue">
        <metrics statements="1" coveredstatements="0" conditionals="0" coveredconditionals="0" methods="1" coveredmethods="0"/>
        <line num="14" count="0" type="stmt"/>
      </file>
      <file name="Header.vue" path="W:\Vue-Project\william-sonoma\src\components\Header.vue">
        <metrics statements="1" coveredstatements="0" conditionals="0" coveredconditionals="0" methods="1" coveredmethods="0"/>
        <line num="16" count="0" type="stmt"/>
      </file>
      <file name="Home.vue" path="W:\Vue-Project\william-sonoma\src\components\Home.vue">
        <metrics statements="11" coveredstatements="6" conditionals="0" coveredconditionals="0" methods="6" coveredmethods="2"/>
        <line num="50" count="1" type="stmt"/>
        <line num="51" count="1" type="stmt"/>
        <line num="52" count="1" type="stmt"/>
        <line num="53" count="1" type="stmt"/>
        <line num="60" count="7" type="stmt"/>
        <line num="68" count="0" type="stmt"/>
        <line num="69" count="0" type="stmt"/>
        <line num="71" count="0" type="stmt"/>
        <line num="74" count="0" type="stmt"/>
        <line num="75" count="0" type="stmt"/>
        <line num="83" count="7" type="stmt"/>
      </file>
    </package>
  </project>
</coverage>
