{"W:\\Vue-Project\\william-sonoma\\src\\App.vue": {"path":"W:\\Vue-Project\\william-sonoma\\src\\App.vue","statementMap":{"0":{"start":{"line":8,"column":0},"end":{"line":8,"column":null}}},"fnMap":{},"branchMap":{},"s":{"0":0},"f":{},"b":{}}
,"W:\\Vue-Project\\william-sonoma\\src\\main.js": {"path":"W:\\Vue-Project\\william-sonoma\\src\\main.js","statementMap":{"0":{"start":{"line":8,"column":0},"end":{"line":8,"column":21}},"1":{"start":{"line":10,"column":0},"end":{"line":10,"column":20}},"2":{"start":{"line":12,"column":0},"end":{"line":12,"column":32}},"3":{"start":{"line":14,"column":0},"end":{"line":16,"column":17}},"4":{"start":{"line":15,"column":15},"end":{"line":15,"column":21}}},"fnMap":{"0":{"name":"(anonymous_0)","decl":{"start":{"line":15,"column":10},"end":{"line":15,"column":11}},"loc":{"start":{"line":15,"column":15},"end":{"line":15,"column":21}},"line":15}},"branchMap":{},"s":{"0":0,"1":0,"2":0,"3":0,"4":0},"f":{"0":0},"b":{},"hash":"8e055a84bcc03bb794d7c1fb9f46c2d6658bc798"}
,"W:\\Vue-Project\\william-sonoma\\src\\components\\Footer.vue": {"path":"W:\\Vue-Project\\william-sonoma\\src\\components\\Footer.vue","statementMap":{"0":{"start":{"line":14,"column":0},"end":{"line":14,"column":null}}},"fnMap":{"0":{"name":"(anonymous_1)","decl":{"start":{"line":13,"column":0},"end":{"line":13,"column":null}},"loc":{"start":{"line":13,"column":0},"end":{"line":17,"column":null}}}},"branchMap":{},"s":{"0":0},"f":{"0":0},"b":{}}
,"W:\\Vue-Project\\william-sonoma\\src\\components\\Header.vue": {"path":"W:\\Vue-Project\\william-sonoma\\src\\components\\Header.vue","statementMap":{"0":{"start":{"line":16,"column":0},"end":{"line":16,"column":null}}},"fnMap":{"0":{"name":"(anonymous_1)","decl":{"start":{"line":15,"column":0},"end":{"line":15,"column":null}},"loc":{"start":{"line":15,"column":0},"end":{"line":19,"column":null}}}},"branchMap":{},"s":{"0":0},"f":{"0":0},"b":{}}
,"W:\\Vue-Project\\william-sonoma\\src\\components\\Home.vue": {"path":"W:\\Vue-Project\\william-sonoma\\src\\components\\Home.vue","statementMap":{"0":{"start":{"line":50,"column":0},"end":{"line":50,"column":null}},"1":{"start":{"line":51,"column":0},"end":{"line":51,"column":null}},"2":{"start":{"line":52,"column":0},"end":{"line":52,"column":null}},"3":{"start":{"line":53,"column":0},"end":{"line":53,"column":null}},"4":{"start":{"line":60,"column":0},"end":{"line":60,"column":null}},"5":{"start":{"line":68,"column":0},"end":{"line":70,"column":null}},"6":{"start":{"line":69,"column":0},"end":{"line":69,"column":null}},"7":{"start":{"line":71,"column":0},"end":{"line":71,"column":null}},"8":{"start":{"line":74,"column":0},"end":{"line":74,"column":null}},"9":{"start":{"line":75,"column":0},"end":{"line":75,"column":null}},"10":{"start":{"line":83,"column":0},"end":{"line":83,"column":null}}},"fnMap":{"0":{"name":"(anonymous_1)","decl":{"start":{"line":59,"column":0},"end":{"line":59,"column":null}},"loc":{"start":{"line":59,"column":0},"end":{"line":65,"column":null}}},"1":{"name":"(anonymous_2)","decl":{"start":{"line":67,"column":0},"end":{"line":67,"column":null}},"loc":{"start":{"line":67,"column":0},"end":{"line":72,"column":null}}},"2":{"name":"(anonymous_3)","decl":{"start":{"line":68,"column":0},"end":{"line":68,"column":null}},"loc":{"start":{"line":68,"column":0},"end":{"line":70,"column":null}}},"3":{"name":"(anonymous_4)","decl":{"start":{"line":73,"column":0},"end":{"line":73,"column":null}},"loc":{"start":{"line":73,"column":0},"end":{"line":80,"column":null}}},"4":{"name":"(anonymous_5)","decl":{"start":{"line":75,"column":0},"end":{"line":75,"column":null}},"loc":{"start":{"line":75,"column":0},"end":{"line":75,"column":null}}},"5":{"name":"(anonymous_7)","decl":{"start":{"line":82,"column":0},"end":{"line":82,"column":null}},"loc":{"start":{"line":82,"column":0},"end":{"line":84,"column":null}}}},"branchMap":{},"s":{"0":1,"1":1,"2":1,"3":1,"4":7,"5":0,"6":0,"7":0,"8":0,"9":0,"10":7},"f":{"0":7,"1":0,"2":0,"3":0,"4":0,"5":7},"b":{}}
}
