TN:
SF:W:\Vue-Project\william-sonoma\src\App.vue
FNF:0
FNH:0
DA:8,0
LF:1
LH:0
BRF:0
BRH:0
end_of_record
TN:
SF:W:\Vue-Project\william-sonoma\src\main.js
FN:15,(anonymous_0)
FNF:1
FNH:0
FNDA:0,(anonymous_0)
DA:8,0
DA:10,0
DA:12,0
DA:14,0
DA:15,0
LF:5
LH:0
BRF:0
BRH:0
end_of_record
TN:
SF:W:\Vue-Project\william-sonoma\src\components\Footer.vue
FN:13,(anonymous_1)
FNF:1
FNH:0
FNDA:0,(anonymous_1)
DA:14,0
LF:1
LH:0
BRF:0
BRH:0
end_of_record
TN:
SF:W:\Vue-Project\william-sonoma\src\components\Header.vue
FN:15,(anonymous_1)
FNF:1
FNH:0
FNDA:0,(anonymous_1)
DA:16,0
LF:1
LH:0
BRF:0
BRH:0
end_of_record
TN:
SF:W:\Vue-Project\william-sonoma\src\components\Home.vue
FN:59,(anonymous_1)
FN:67,(anonymous_2)
FN:68,(anonymous_3)
FN:73,(anonymous_4)
FN:75,(anonymous_5)
FN:82,(anonymous_7)
FNF:6
FNH:2
FNDA:7,(anonymous_1)
FNDA:0,(anonymous_2)
FNDA:0,(anonymous_3)
FNDA:0,(anonymous_4)
FNDA:0,(anonymous_5)
FNDA:7,(anonymous_7)
DA:50,1
DA:51,1
DA:52,1
DA:53,1
DA:60,7
DA:68,0
DA:69,0
DA:71,0
DA:74,0
DA:75,0
DA:83,7
LF:11
LH:6
BRF:0
BRH:0
end_of_record
